{
  "stats": {
    "suites": 1,
    "tests": 9,
    "passes": 9,
    "pending": 0,
    "failures": 0,
    "start": "2022-06-13T13:38:09.715Z",
    "end": "2022-06-13T13:38:24.331Z",
    "duration": 14616,
    "testsRegistered": 9,
    "passPercent": 100,
    "pendingPercent": 0,
    "other": 0,
    "hasOther": false,
    "skipped": 0,
    "hasSkipped": false
  },
  "results": [
    {
      "uuid": "b112ae15-cae1-469b-8628-fabf80e4cbc0",
      "title": "",
      "fullFile": "cypress/integration/login.spec.js",
      "file": "cypress/integration/login.spec.js",
      "beforeHooks": [],
      "afterHooks": [],
      "tests": [],
      "suites": [
        {
          "uuid": "86af18e1-4e1c-43b7-ac70-5eb677d8c22b",
          "title": "Login Functionality of swaglab application",
          "fullFile": "",
          "file": "",
          "beforeHooks": [],
          "afterHooks": [],
          "tests": [
            {
              "title": "LoginPage Validation with valid username and valid password",
              "fullTitle": "Login Functionality of swaglab application LoginPage Validation with valid username and valid password",
              "timedOut": null,
              "duration": 2450,
              "state": "passed",
              "speed": "fast",
              "pass": true,
              "fail": false,
              "pending": false,
              "context": null,
              "code": "//Entering valid username and valid password\ncy.login(\"standard_user\", \"secret_sauce\"); //Validate the navigation page whether we are in expected page or not based on that page lable\ncy.contains(\"Products\");\ncy.logout(); //Validation for successful logout based on title of the page\ncy.title().should(\"be.equal\", \"Swag Labs\");",
              "err": {},
              "uuid": "7f949fdf-c42e-4f59-8b6d-59abe8ef3b5b",
              "parentUUID": "86af18e1-4e1c-43b7-ac70-5eb677d8c22b",
              "isHook": false,
              "skipped": false
            },
            {
              "title": "LoginPage Validation with valid username and invalid password",
              "fullTitle": "Login Functionality of swaglab application LoginPage Validation with valid username and invalid password",
              "timedOut": null,
              "duration": 1751,
              "state": "passed",
              "speed": "fast",
              "pass": true,
              "fail": false,
              "pending": false,
              "context": null,
              "code": "//entering valid username  and invalid password\ncy.login(\"standard_user\", \"secet_sauce\"); //Validating error message by using css\ncy.get(\"#login_button_container > div > form > div.error-message-container.error\").should(\"have.text\", \"Epic sadface: Username and password do not match any user in this service\"); //closing error window\ncy.get(\".error-button\").click(); //clear and update username and  passwords input fields\ncy.clear_update();",
              "err": {},
              "uuid": "0b0fa5ac-90cf-4778-9fd0-d8c76e2e76cf",
              "parentUUID": "86af18e1-4e1c-43b7-ac70-5eb677d8c22b",
              "isHook": false,
              "skipped": false
            },
            {
              "title": "LoginPage Validation with invalid username and valid password",
              "fullTitle": "Login Functionality of swaglab application LoginPage Validation with invalid username and valid password",
              "timedOut": null,
              "duration": 1518,
              "state": "passed",
              "speed": "fast",
              "pass": true,
              "fail": false,
              "pending": false,
              "context": null,
              "code": "//Entering  invalid username valid password\ncy.login(\"standad_user\", \"secret_sauce\"); //Handling error message by css selector\ncy.get(\"#login_button_container > div > form > div.error-message-container.error\").should(\"have.text\", \"Epic sadface: Username and password do not match any user in this service\"); //closing error window\ncy.get(\".error-button\").click(); //clear and update username and  passwords input fields\ncy.clear_update();",
              "err": {},
              "uuid": "44840bfd-2fdb-4076-b8b3-318195ae977b",
              "parentUUID": "86af18e1-4e1c-43b7-ac70-5eb677d8c22b",
              "isHook": false,
              "skipped": false
            },
            {
              "title": "LoginPage Validation with invalid username and invalid password",
              "fullTitle": "Login Functionality of swaglab application LoginPage Validation with invalid username and invalid password",
              "timedOut": null,
              "duration": 1610,
              "state": "passed",
              "speed": "fast",
              "pass": true,
              "fail": false,
              "pending": false,
              "context": null,
              "code": "//Entering invalid username and invalid password\ncy.login(\"standad_user\", \"secet_sauce\"); //validate error message using css selector\ncy.get(\"#login_button_container > div > form > div.error-message-container.error\").should(\"have.text\", \"Epic sadface: Username and password do not match any user in this service\"); //Closing error window\ncy.get(\".error-button\").click(); //clear and update username and  passwords input fields\ncy.clear_update(); //Below command for cursor move to username inputfield\ncy.get('[placeholder=\"Username\"]').click();",
              "err": {},
              "uuid": "f8e81f60-a75a-446c-a63a-0c12ab0aba8a",
              "parentUUID": "86af18e1-4e1c-43b7-ac70-5eb677d8c22b",
              "isHook": false,
              "skipped": false
            },
            {
              "title": "LoginPage Validation with blank username and blank password",
              "fullTitle": "Login Functionality of swaglab application LoginPage Validation with blank username and blank password",
              "timedOut": null,
              "duration": 693,
              "state": "passed",
              "speed": "fast",
              "pass": true,
              "fail": false,
              "pending": false,
              "context": null,
              "code": "//entering blank username and password\ncy.get('[placeholder=\"Username\"]').click();\ncy.get('[placeholder=\"Password\"]').click(); //Click on login button\ncy.get('[type=\"submit\"]').click(); //validate error message using css selector\ncy.get(\"#login_button_container > div > form > div.error-message-container.error\").should(\"have.text\", \"Epic sadface: Username is required\"); //Closing error window\ncy.get(\".error-button\").click(); //Below command for cursor move to username inputfield\ncy.get('[placeholder=\"Username\"]').click();",
              "err": {},
              "uuid": "b440483d-9135-498f-a7dc-052d35fff386",
              "parentUUID": "86af18e1-4e1c-43b7-ac70-5eb677d8c22b",
              "isHook": false,
              "skipped": false
            },
            {
              "title": "LoginPage Validation with blank username and valid password",
              "fullTitle": "Login Functionality of swaglab application LoginPage Validation with blank username and valid password",
              "timedOut": null,
              "duration": 941,
              "state": "passed",
              "speed": "fast",
              "pass": true,
              "fail": false,
              "pending": false,
              "context": null,
              "code": "//entering blank username and password\ncy.get('[placeholder=\"Username\"]').click();\ncy.get('[placeholder=\"Password\"]').type(\"secret_sauce\"); //Click on login button\ncy.get('[type=\"submit\"]').click(); //validate error message using css selector\ncy.get(\"#login_button_container > div > form > div.error-message-container.error\").should(\"have.text\", \"Epic sadface: Username is required\"); //Closing error window\ncy.get(\".error-button\").click(); //Below command for cursor move to username inputfield\ncy.get('[placeholder=\"Username\"]').click();",
              "err": {},
              "uuid": "047b38e3-6450-4cc5-8d0e-ded1ba42156f",
              "parentUUID": "86af18e1-4e1c-43b7-ac70-5eb677d8c22b",
              "isHook": false,
              "skipped": false
            },
            {
              "title": "LoginPage Validation with blank username and in-valid password",
              "fullTitle": "Login Functionality of swaglab application LoginPage Validation with blank username and in-valid password",
              "timedOut": null,
              "duration": 890,
              "state": "passed",
              "speed": "fast",
              "pass": true,
              "fail": false,
              "pending": false,
              "context": null,
              "code": "//entering blank username and password\ncy.get('[placeholder=\"Username\"]').click();\ncy.get('[placeholder=\"Password\"]').type(\"ecret_sauce\"); //Click on login button\ncy.get('[type=\"submit\"]').click(); //validate error message using css selector\ncy.get(\"#login_button_container > div > form > div.error-message-container.error\").should(\"have.text\", \"Epic sadface: Username is required\"); //Closing error window\ncy.get(\".error-button\").click(); //Below command for cursor move to username inputfield\ncy.get('[placeholder=\"Username\"]').click();",
              "err": {},
              "uuid": "9ebb9ceb-81f8-4e42-bf48-4cbc04e40d51",
              "parentUUID": "86af18e1-4e1c-43b7-ac70-5eb677d8c22b",
              "isHook": false,
              "skipped": false
            },
            {
              "title": "LoginPage Validation with valid username and blank password",
              "fullTitle": "Login Functionality of swaglab application LoginPage Validation with valid username and blank password",
              "timedOut": null,
              "duration": 958,
              "state": "passed",
              "speed": "fast",
              "pass": true,
              "fail": false,
              "pending": false,
              "context": null,
              "code": "//entering valid username and blank password\ncy.get('[placeholder=\"Username\"]').type(\"standard_user\");\ncy.get('[placeholder=\"Password\"]').click(); //Click on login button\ncy.get('[type=\"submit\"]').click(); //validate error message using css selector\ncy.get(\"#login_button_container > div > form > div.error-message-container.error\").should(\"have.text\", \"Epic sadface: Password is required\"); //Closing error window\ncy.get(\".error-button\").click(); //Below command for cursor move to username inputfield\ncy.get('[placeholder=\"Username\"]').click();",
              "err": {},
              "uuid": "ac01dc5c-fc9d-4dd7-ba73-e96f3d0ebf22",
              "parentUUID": "86af18e1-4e1c-43b7-ac70-5eb677d8c22b",
              "isHook": false,
              "skipped": false
            },
            {
              "title": "LoginPage Validation with invalid username and blank password",
              "fullTitle": "Login Functionality of swaglab application LoginPage Validation with invalid username and blank password",
              "timedOut": null,
              "duration": 1243,
              "state": "passed",
              "speed": "fast",
              "pass": true,
              "fail": false,
              "pending": false,
              "context": null,
              "code": "//entering valid username and blank password\ncy.get('[placeholder=\"Username\"]').type(\"tandard_user\");\ncy.get('[placeholder=\"Password\"]').click(); //Click on login button\ncy.get('[type=\"submit\"]').click(); //validate error message using css selector\ncy.get(\"#login_button_container > div > form > div.error-message-container.error\").should(\"have.text\", \"Epic sadface: Password is required\"); //Closing error window\ncy.get(\".error-button\").click(); //Below command for cursor move to username inputfield\ncy.get('[placeholder=\"Username\"]').click();\ncy.clear_update();",
              "err": {},
              "uuid": "a59040ca-344c-4ae1-928e-151797f4d67a",
              "parentUUID": "86af18e1-4e1c-43b7-ac70-5eb677d8c22b",
              "isHook": false,
              "skipped": false
            }
          ],
          "suites": [],
          "passes": [
            "7f949fdf-c42e-4f59-8b6d-59abe8ef3b5b",
            "0b0fa5ac-90cf-4778-9fd0-d8c76e2e76cf",
            "44840bfd-2fdb-4076-b8b3-318195ae977b",
            "f8e81f60-a75a-446c-a63a-0c12ab0aba8a",
            "b440483d-9135-498f-a7dc-052d35fff386",
            "047b38e3-6450-4cc5-8d0e-ded1ba42156f",
            "9ebb9ceb-81f8-4e42-bf48-4cbc04e40d51",
            "ac01dc5c-fc9d-4dd7-ba73-e96f3d0ebf22",
            "a59040ca-344c-4ae1-928e-151797f4d67a"
          ],
          "failures": [],
          "pending": [],
          "skipped": [],
          "duration": 12054,
          "root": false,
          "rootEmpty": false,
          "_timeout": 2000
        }
      ],
      "passes": [],
      "failures": [],
      "pending": [],
      "skipped": [],
      "duration": 0,
      "root": true,
      "rootEmpty": true,
      "_timeout": 2000
    }
  ],
  "meta": {
    "mocha": {
      "version": "7.0.1"
    },
    "mochawesome": {
      "options": {
        "quiet": false,
        "reportFilename": "mochawesome",
        "saveHtml": true,
        "saveJson": true,
        "consoleReporter": "spec",
        "useInlineDiffs": false,
        "code": true
      },
      "version": "7.1.3"
    },
    "marge": {
      "options": {
        "id": "default",
        "reportDir": "cypress/reports/mocha",
        "quite": true,
        "overwrite": false,
        "html": true,
        "json": true
      },
      "version": "6.2.0"
    }
  }
}